ERROR - 2023-12-11 11:45:31 --> mysqli_sql_exception: You have an error in your SQL syntax; check the manual that corresponds to your MariaDB server version for the right syntax to use near '='administrATeur' ORDER BY PRO_validite ASC' at line 1 in /home/2023DIFAL3/e22013117/public_html/V2/ci/system/Database/MySQLi/Connection.php:306
Stack trace:
#0 /home/2023DIFAL3/e22013117/public_html/V2/ci/system/Database/MySQLi/Connection.php(306): mysqli->query()
#1 /home/2023DIFAL3/e22013117/public_html/V2/ci/system/Database/BaseConnection.php(693): CodeIgniter\Database\MySQLi\Connection->execute()
#2 /home/2023DIFAL3/e22013117/public_html/V2/ci/system/Database/BaseConnection.php(607): CodeIgniter\Database\BaseConnection->simpleQuery()
#3 /home/2023DIFAL3/e22013117/public_html/V2/ci/app/Models/Db_model.php(30): CodeIgniter\Database\BaseConnection->query()
#4 /home/2023DIFAL3/e22013117/public_html/V2/ci/app/Controllers/Compte.php(26): App\Models\Db_model->get_all_compte()
#5 /home/2023DIFAL3/e22013117/public_html/V2/ci/system/CodeIgniter.php(942): App\Controllers\Compte->lister()
#6 /home/2023DIFAL3/e22013117/public_html/V2/ci/system/CodeIgniter.php(502): CodeIgniter\CodeIgniter->runController()
#7 /home/2023DIFAL3/e22013117/public_html/V2/ci/system/CodeIgniter.php(361): CodeIgniter\CodeIgniter->handleRequest()
#8 /home/2023DIFAL3/e22013117/public_html/V2/ci/public/index.php(79): CodeIgniter\CodeIgniter->run()
#9 {main}
CRITICAL - 2023-12-11 11:45:31 --> You have an error in your SQL syntax; check the manual that corresponds to your MariaDB server version for the right syntax to use near '='administrATeur' ORDER BY PRO_validite ASC' at line 1
in SYSTEMPATH/Database/BaseConnection.php on line 647.
 1 APPPATH/Models/Db_model.php(30): CodeIgniter\Database\BaseConnection->query()
 2 APPPATH/Controllers/Compte.php(26): App\Models\Db_model->get_all_compte()
 3 SYSTEMPATH/CodeIgniter.php(942): App\Controllers\Compte->lister()
 4 SYSTEMPATH/CodeIgniter.php(502): CodeIgniter\CodeIgniter->runController()
 5 SYSTEMPATH/CodeIgniter.php(361): CodeIgniter\CodeIgniter->handleRequest()
 6 FCPATH/index.php(79): CodeIgniter\CodeIgniter->run()
ERROR - 2023-12-11 11:51:00 --> mysqli_sql_exception: Duplicate entry 'aya' for key 'CPT_pseudo_UNIQUE' in /home/2023DIFAL3/e22013117/public_html/V2/ci/system/Database/MySQLi/Connection.php:306
Stack trace:
#0 /home/2023DIFAL3/e22013117/public_html/V2/ci/system/Database/MySQLi/Connection.php(306): mysqli->query()
#1 /home/2023DIFAL3/e22013117/public_html/V2/ci/system/Database/BaseConnection.php(693): CodeIgniter\Database\MySQLi\Connection->execute()
#2 /home/2023DIFAL3/e22013117/public_html/V2/ci/system/Database/BaseConnection.php(607): CodeIgniter\Database\BaseConnection->simpleQuery()
#3 /home/2023DIFAL3/e22013117/public_html/V2/ci/app/Models/Db_model.php(119): CodeIgniter\Database\BaseConnection->query()
#4 /home/2023DIFAL3/e22013117/public_html/V2/ci/app/Controllers/Compte.php(149): App\Models\Db_model->set_compte()
#5 /home/2023DIFAL3/e22013117/public_html/V2/ci/system/CodeIgniter.php(942): App\Controllers\Compte->creer()
#6 /home/2023DIFAL3/e22013117/public_html/V2/ci/system/CodeIgniter.php(502): CodeIgniter\CodeIgniter->runController()
#7 /home/2023DIFAL3/e22013117/public_html/V2/ci/system/CodeIgniter.php(361): CodeIgniter\CodeIgniter->handleRequest()
#8 /home/2023DIFAL3/e22013117/public_html/V2/ci/public/index.php(79): CodeIgniter\CodeIgniter->run()
#9 {main}
CRITICAL - 2023-12-11 11:51:00 --> Duplicate entry 'aya' for key 'CPT_pseudo_UNIQUE'
in SYSTEMPATH/Database/BaseConnection.php on line 647.
 1 APPPATH/Models/Db_model.php(119): CodeIgniter\Database\BaseConnection->query()
 2 APPPATH/Controllers/Compte.php(149): App\Models\Db_model->set_compte()
 3 SYSTEMPATH/CodeIgniter.php(942): App\Controllers\Compte->creer()
 4 SYSTEMPATH/CodeIgniter.php(502): CodeIgniter\CodeIgniter->runController()
 5 SYSTEMPATH/CodeIgniter.php(361): CodeIgniter\CodeIgniter->handleRequest()
 6 FCPATH/index.php(79): CodeIgniter\CodeIgniter->run()
CRITICAL - 2023-12-11 12:16:40 --> Argument 2 passed to view() must be of the type array, null given, called in /home/2023DIFAL3/e22013117/public_html/V2/ci/app/Controllers/Compte.php on line 145
in SYSTEMPATH/Common.php on line 1178.
 1 APPPATH/Controllers/Compte.php(145): view()
 2 SYSTEMPATH/CodeIgniter.php(942): App\Controllers\Compte->creer()
 3 SYSTEMPATH/CodeIgniter.php(502): CodeIgniter\CodeIgniter->runController()
 4 SYSTEMPATH/CodeIgniter.php(361): CodeIgniter\CodeIgniter->handleRequest()
 5 FCPATH/index.php(79): CodeIgniter\CodeIgniter->run()
CRITICAL - 2023-12-11 12:23:25 --> Too few arguments to function App\Controllers\Scenario::visualiser(), 0 passed in /home/2023DIFAL3/e22013117/public_html/V2/ci/system/CodeIgniter.php on line 942 and exactly 1 expected
in APPPATH/Controllers/Scenario.php on line 246.
 1 SYSTEMPATH/CodeIgniter.php(942): App\Controllers\Scenario->visualiser()
 2 SYSTEMPATH/CodeIgniter.php(502): CodeIgniter\CodeIgniter->runController()
 3 SYSTEMPATH/CodeIgniter.php(361): CodeIgniter\CodeIgniter->handleRequest()
 4 FCPATH/index.php(79): CodeIgniter\CodeIgniter->run()
ERROR - 2023-12-11 13:01:22 --> mysqli_sql_exception: Duplicate entry 'aya@gmail.com' for key 'PTS_mail_UNIQUE' in /home/2023DIFAL3/e22013117/public_html/V2/ci/system/Database/MySQLi/Connection.php:306
Stack trace:
#0 /home/2023DIFAL3/e22013117/public_html/V2/ci/system/Database/MySQLi/Connection.php(306): mysqli->query()
#1 /home/2023DIFAL3/e22013117/public_html/V2/ci/system/Database/BaseConnection.php(693): CodeIgniter\Database\MySQLi\Connection->execute()
#2 /home/2023DIFAL3/e22013117/public_html/V2/ci/system/Database/BaseConnection.php(607): CodeIgniter\Database\BaseConnection->simpleQuery()
#3 /home/2023DIFAL3/e22013117/public_html/V2/ci/app/Models/Db_model.php(477): CodeIgniter\Database\BaseConnection->query()
#4 /home/2023DIFAL3/e22013117/public_html/V2/ci/app/Controllers/Scenario.php(401): App\Models\Db_model->set_participants()
#5 /home/2023DIFAL3/e22013117/public_html/V2/ci/system/CodeIgniter.php(942): App\Controllers\Scenario->finaliser()
#6 /home/2023DIFAL3/e22013117/public_html/V2/ci/system/CodeIgniter.php(502): CodeIgniter\CodeIgniter->runController()
#7 /home/2023DIFAL3/e22013117/public_html/V2/ci/system/CodeIgniter.php(361): CodeIgniter\CodeIgniter->handleRequest()
#8 /home/2023DIFAL3/e22013117/public_html/V2/ci/public/index.php(79): CodeIgniter\CodeIgniter->run()
#9 {main}
CRITICAL - 2023-12-11 13:01:22 --> Duplicate entry 'aya@gmail.com' for key 'PTS_mail_UNIQUE'
in SYSTEMPATH/Database/BaseConnection.php on line 647.
 1 APPPATH/Models/Db_model.php(477): CodeIgniter\Database\BaseConnection->query()
 2 APPPATH/Controllers/Scenario.php(401): App\Models\Db_model->set_participants()
 3 SYSTEMPATH/CodeIgniter.php(942): App\Controllers\Scenario->finaliser()
 4 SYSTEMPATH/CodeIgniter.php(502): CodeIgniter\CodeIgniter->runController()
 5 SYSTEMPATH/CodeIgniter.php(361): CodeIgniter\CodeIgniter->handleRequest()
 6 FCPATH/index.php(79): CodeIgniter\CodeIgniter->run()
CRITICAL - 2023-12-11 13:10:26 --> syntax error, unexpected '{', expecting '('
in APPPATH/Controllers/Scenario.php on line 42.
 1 SYSTEMPATH/Autoloader/Autoloader.php(291): CodeIgniter\Autoloader\Autoloader->includeFile()
 2 SYSTEMPATH/Autoloader/Autoloader.php(269): CodeIgniter\Autoloader\Autoloader->loadInNamespace()
 3 [internal function]: CodeIgniter\Autoloader\Autoloader->loadClass()
 4 [internal function]: spl_autoload_call()
 5 SYSTEMPATH/CodeIgniter.php(900): class_exists()
 6 SYSTEMPATH/CodeIgniter.php(489): CodeIgniter\CodeIgniter->startController()
 7 SYSTEMPATH/CodeIgniter.php(361): CodeIgniter\CodeIgniter->handleRequest()
 8 FCPATH/index.php(79): CodeIgniter\CodeIgniter->run()
