CRITICAL - 2023-11-27 13:33:46 --> chmod() has been disabled for security reasons
in SYSTEMPATH/Session/Handlers/FileHandler.php on line 147.
 1 [internal function]: CodeIgniter\Debug\Exceptions->errorHandler()
 2 SYSTEMPATH/Session/Handlers/FileHandler.php(147): chmod()
 3 [internal function]: CodeIgniter\Session\Handlers\FileHandler->read()
 4 SYSTEMPATH/Session/Session.php(919): session_start()
 5 SYSTEMPATH/Session/Session.php(241): CodeIgniter\Session\Session->startSession()
 6 SYSTEMPATH/Config/Services.php(693): CodeIgniter\Session\Session->start()
 7 SYSTEMPATH/Config/BaseService.php(258): CodeIgniter\Config\Services::session()
 8 SYSTEMPATH/Config/BaseService.php(199): CodeIgniter\Config\BaseService::__callStatic()
 9 SYSTEMPATH/Config/Services.php(664): CodeIgniter\Config\BaseService::getSharedInstance()
10 SYSTEMPATH/Config/BaseService.php(258): CodeIgniter\Config\Services::session()
11 SYSTEMPATH/Common.php(996): CodeIgniter\Config\BaseService::__callStatic()
12 APPPATH/Views/compte/compte_creer.php(16): session()
13 SYSTEMPATH/View/View.php(228): include('/home/2023DIFAL3/e22013117/public_html/V1/ci/app/Views/compte/compte_creer.php')
14 SYSTEMPATH/View/View.php(231): CodeIgniter\View\View->CodeIgniter\View\{closure}()
15 SYSTEMPATH/Common.php(1190): CodeIgniter\View\View->render()
16 APPPATH/Controllers/Compte.php(114): view()
17 SYSTEMPATH/CodeIgniter.php(942): App\Controllers\Compte->creer()
18 SYSTEMPATH/CodeIgniter.php(502): CodeIgniter\CodeIgniter->runController()
19 SYSTEMPATH/CodeIgniter.php(361): CodeIgniter\CodeIgniter->handleRequest()
20 FCPATH/index.php(79): CodeIgniter\CodeIgniter->run()
CRITICAL - 2023-11-27 13:33:46 --> Uncaught ErrorException: chmod() has been disabled for security reasons in /home/2023DIFAL3/e22013117/public_html/V1/ci/system/Log/Handlers/FileHandler.php:119
Stack trace:
#0 [internal function]: CodeIgniter\Debug\Exceptions->errorHandler()
#1 /home/2023DIFAL3/e22013117/public_html/V1/ci/system/Log/Handlers/FileHandler.php(119): chmod()
#2 /home/2023DIFAL3/e22013117/public_html/V1/ci/system/Log/Logger.php(294): CodeIgniter\Log\Handlers\FileHandler->handle()
#3 /home/2023DIFAL3/e22013117/public_html/V1/ci/system/Common.php(810): CodeIgniter\Log\Logger->log()
#4 /home/2023DIFAL3/e22013117/public_html/V1/ci/system/Debug/Exceptions.php(133): log_message()
#5 [internal function]: CodeIgniter\Debug\Exceptions->exceptionHandler()
#6 {main}
  thrown
ã€Previous Exceptionã€‘
ErrorException
chmod() has been disabled for security reasons
#0 [internal function]: CodeIgniter\Debug\Exceptions->errorHandler()
#1 /home/2023DIFAL3/e22013117/public_html/V1/ci/system/Session/Handlers/FileHandler.php(147): chmod()
#2 [internal function]: CodeIgniter\Session\Handlers\FileHandler->read()
#3 /home/2023DIFAL3/e22013117/public_html/V1/ci/system/Session/Session.php(919): session_start()
#4 /home/2023DIFAL3/e22013117/public_html/V1/ci/system/Session/Session.php(241): CodeIgniter\Session\Session->startSession()
#5 /home/2023DIFAL3/e22013117/public_html/V1/ci/system/Config/Services.php(693): CodeIgniter\Session\Session->start()
#6 /home/2023DIFAL3/e22013117/public_html/V1/ci/system/Config/BaseService.php(258): CodeIgniter\Config\Services::session()
#7 /home/2023DIFAL3/e22013117/public_html/V1/ci/system/Config/BaseService.php(199): CodeIgniter\Config\BaseService::__callStatic()
#8 /home/2023DIFAL3/e22013117/public_html/V1/ci/system/Config/Services.php(664): CodeIgniter\Config\BaseService::getSharedInstance()
#9 /home/2023DIFAL3/e22013117/public_html/V1/ci/system/Config/BaseService.php(258): CodeIgniter\Config\Services::session()
#10 /home/2023DIFAL3/e22013117/public_html/V1/ci/system/Common.php(996): CodeIgniter\Config\BaseService::__callStatic()
#11 /home/2023DIFAL3/e22013117/public_html/V1/ci/app/Views/compte/compte_creer.php(16): session()
#12 /home/2023DIFAL3/e22013117/public_html/V1/ci/system/View/View.php(228): include('/home/2023DIFAL...')
#13 /home/2023DIFAL3/e22013117/public_html/V1/ci/system/View/View.php(231): CodeIgniter\View\View->CodeIgniter\View\{closure}()
#14 /home/2023DIFAL3/e22013117/public_html/V1/ci/system/Common.php(1190): CodeIgniter\View\View->render()
#15 /home/2023DIFAL3/e22013117/public_html/V1/ci/app/Controllers/Compte.php(114): view()
#16 /home/2023DIFAL3/e22013117/public_html/V1/ci/system/CodeIgniter.php(942): App\Controllers\Compte->creer()
#17 /home/2023DIFAL3/e22013117/public_html/V1/ci/system/CodeIgniter.php(502): CodeIgniter\CodeIgniter->runController()
#18 /home/2023DIFAL3/e22013117/public_html/V1/ci/system/CodeIgniter.php(361): CodeIgniter\CodeIgniter->handleRequest()
#19 /home/2023DIFAL3/e22013117/public_html/V1/ci/public/index.php(79): CodeIgniter\CodeIgniter->run()
#20 {main}
in SYSTEMPATH/Log/Handlers/FileHandler.php on line 119.
 1 [internal function]: CodeIgniter\Debug\Exceptions->shutdownHandler()
CRITICAL - 2023-11-27 13:43:41 --> Failed to create(read) session ID: user (path: /home/2023DIFAL3/e22013117/public_html/V1/ci/writable/session)
in SYSTEMPATH/Session/Session.php on line 400.
 1 SYSTEMPATH/Session/Session.php(400): session_regenerate_id()
 2 SYSTEMPATH/Session/Session.php(250): CodeIgniter\Session\Session->regenerate()
 3 SYSTEMPATH/Config/Services.php(693): CodeIgniter\Session\Session->start()
 4 SYSTEMPATH/Config/BaseService.php(258): CodeIgniter\Config\Services::session()
 5 SYSTEMPATH/Config/BaseService.php(199): CodeIgniter\Config\BaseService::__callStatic()
 6 SYSTEMPATH/Config/Services.php(664): CodeIgniter\Config\BaseService::getSharedInstance()
 7 SYSTEMPATH/Config/BaseService.php(258): CodeIgniter\Config\Services::session()
 8 SYSTEMPATH/Common.php(996): CodeIgniter\Config\BaseService::__callStatic()
 9 APPPATH/Views/connexion/compte_connecter.php(2): session()
10 SYSTEMPATH/View/View.php(228): include('/home/2023DIFAL3/e22013117/public_html/V1/ci/app/Views/connexion/compte_connecter.php')
11 SYSTEMPATH/View/View.php(231): CodeIgniter\View\View->CodeIgniter\View\{closure}()
12 SYSTEMPATH/Common.php(1190): CodeIgniter\View\View->render()
13 APPPATH/Controllers/Compte.php(151): view()
14 SYSTEMPATH/CodeIgniter.php(942): App\Controllers\Compte->connecter()
15 SYSTEMPATH/CodeIgniter.php(502): CodeIgniter\CodeIgniter->runController()
16 SYSTEMPATH/CodeIgniter.php(361): CodeIgniter\CodeIgniter->handleRequest()
17 FCPATH/index.php(79): CodeIgniter\CodeIgniter->run()
ERROR - 2023-11-27 13:46:23 --> mysqli_sql_exception: Unknown column 'cCPT_mdp' in 'where clause' in /home/2023DIFAL3/e22013117/public_html/V1/ci/system/Database/MySQLi/Connection.php:306
Stack trace:
#0 /home/2023DIFAL3/e22013117/public_html/V1/ci/system/Database/MySQLi/Connection.php(306): mysqli->query()
#1 /home/2023DIFAL3/e22013117/public_html/V1/ci/system/Database/BaseConnection.php(693): CodeIgniter\Database\MySQLi\Connection->execute()
#2 /home/2023DIFAL3/e22013117/public_html/V1/ci/system/Database/BaseConnection.php(607): CodeIgniter\Database\BaseConnection->simpleQuery()
#3 /home/2023DIFAL3/e22013117/public_html/V1/ci/app/Models/Db_model.php(160): CodeIgniter\Database\BaseConnection->query()
#4 /home/2023DIFAL3/e22013117/public_html/V1/ci/app/Controllers/Compte.php(135): App\Models\Db_model->connect_compte()
#5 /home/2023DIFAL3/e22013117/public_html/V1/ci/system/CodeIgniter.php(942): App\Controllers\Compte->connecter()
#6 /home/2023DIFAL3/e22013117/public_html/V1/ci/system/CodeIgniter.php(502): CodeIgniter\CodeIgniter->runController()
#7 /home/2023DIFAL3/e22013117/public_html/V1/ci/system/CodeIgniter.php(361): CodeIgniter\CodeIgniter->handleRequest()
#8 /home/2023DIFAL3/e22013117/public_html/V1/ci/public/index.php(79): CodeIgniter\CodeIgniter->run()
#9 {main}
CRITICAL - 2023-11-27 13:46:23 --> Unknown column 'cCPT_mdp' in 'where clause'
in SYSTEMPATH/Database/BaseConnection.php on line 647.
 1 APPPATH/Models/Db_model.php(160): CodeIgniter\Database\BaseConnection->query()
 2 APPPATH/Controllers/Compte.php(135): App\Models\Db_model->connect_compte()
 3 SYSTEMPATH/CodeIgniter.php(942): App\Controllers\Compte->connecter()
 4 SYSTEMPATH/CodeIgniter.php(502): CodeIgniter\CodeIgniter->runController()
 5 SYSTEMPATH/CodeIgniter.php(361): CodeIgniter\CodeIgniter->handleRequest()
 6 FCPATH/index.php(79): CodeIgniter\CodeIgniter->run()
CRITICAL - 2023-11-27 13:47:01 --> Invalid file: "connexion/compte_accueil.php"
in SYSTEMPATH/Exceptions/FrameworkException.php on line 39.
 1 SYSTEMPATH/View/View.php(216): CodeIgniter\Exceptions\FrameworkException::forInvalidFile()
 2 SYSTEMPATH/Common.php(1190): CodeIgniter\View\View->render()
 3 APPPATH/Controllers/Compte.php(140): view()
 4 SYSTEMPATH/CodeIgniter.php(942): App\Controllers\Compte->connecter()
 5 SYSTEMPATH/CodeIgniter.php(502): CodeIgniter\CodeIgniter->runController()
 6 SYSTEMPATH/CodeIgniter.php(361): CodeIgniter\CodeIgniter->handleRequest()
 7 FCPATH/index.php(79): CodeIgniter\CodeIgniter->run()
CRITICAL - 2023-11-27 18:45:39 --> syntax error, unexpected 'return' (T_RETURN)
in APPPATH/Controllers/Compte.php on line 179.
 1 SYSTEMPATH/Autoloader/Autoloader.php(291): CodeIgniter\Autoloader\Autoloader->includeFile()
 2 SYSTEMPATH/Autoloader/Autoloader.php(269): CodeIgniter\Autoloader\Autoloader->loadInNamespace()
 3 [internal function]: CodeIgniter\Autoloader\Autoloader->loadClass()
 4 [internal function]: spl_autoload_call()
 5 SYSTEMPATH/CodeIgniter.php(900): class_exists()
 6 SYSTEMPATH/CodeIgniter.php(489): CodeIgniter\CodeIgniter->startController()
 7 SYSTEMPATH/CodeIgniter.php(361): CodeIgniter\CodeIgniter->handleRequest()
 8 FCPATH/index.php(79): CodeIgniter\CodeIgniter->run()
CRITICAL - 2023-11-27 18:48:42 --> Invalid file: "connexion/compte_profil.php"
in SYSTEMPATH/Exceptions/FrameworkException.php on line 39.
 1 SYSTEMPATH/View/View.php(216): CodeIgniter\Exceptions\FrameworkException::forInvalidFile()
 2 SYSTEMPATH/Common.php(1190): CodeIgniter\View\View->render()
 3 APPPATH/Controllers/Compte.php(181): view()
 4 SYSTEMPATH/CodeIgniter.php(942): App\Controllers\Compte->afficher_profil()
 5 SYSTEMPATH/CodeIgniter.php(502): CodeIgniter\CodeIgniter->runController()
 6 SYSTEMPATH/CodeIgniter.php(361): CodeIgniter\CodeIgniter->handleRequest()
 7 FCPATH/index.php(79): CodeIgniter\CodeIgniter->run()
