CRITICAL - 2023-11-30 23:59:26 --> syntax error, unexpected end of file
in APPPATH/Views/affiche_scenarios.php on line 68.
 1 SYSTEMPATH/View/View.php(231): CodeIgniter\View\View->CodeIgniter\View\{closure}()
 2 SYSTEMPATH/Common.php(1190): CodeIgniter\View\View->render()
 3 APPPATH/Controllers/Compte.php(328): view()
 4 SYSTEMPATH/CodeIgniter.php(942): App\Controllers\Compte->afficher_scenario()
 5 SYSTEMPATH/CodeIgniter.php(502): CodeIgniter\CodeIgniter->runController()
 6 SYSTEMPATH/CodeIgniter.php(361): CodeIgniter\CodeIgniter->handleRequest()
 7 FCPATH/index.php(79): CodeIgniter\CodeIgniter->run()
CRITICAL - 2023-11-30 23:59:26 --> Uncaught ErrorException: chmod() has been disabled for security reasons in /home/2023DIFAL3/e22013117/public_html/V1/ci/system/Log/Handlers/FileHandler.php:119
Stack trace:
#0 [internal function]: CodeIgniter\Debug\Exceptions->errorHandler()
#1 /home/2023DIFAL3/e22013117/public_html/V1/ci/system/Log/Handlers/FileHandler.php(119): chmod()
#2 /home/2023DIFAL3/e22013117/public_html/V1/ci/system/Log/Logger.php(294): CodeIgniter\Log\Handlers\FileHandler->handle()
#3 /home/2023DIFAL3/e22013117/public_html/V1/ci/system/Common.php(810): CodeIgniter\Log\Logger->log()
#4 /home/2023DIFAL3/e22013117/public_html/V1/ci/system/Debug/Exceptions.php(133): log_message()
#5 [internal function]: CodeIgniter\Debug\Exceptions->exceptionHandler()
#6 {main}
  thrown
【Previous Exception】
ParseError
syntax error, unexpected end of file
#0 /home/2023DIFAL3/e22013117/public_html/V1/ci/system/View/View.php(231): CodeIgniter\View\View->CodeIgniter\View\{closure}()
#1 /home/2023DIFAL3/e22013117/public_html/V1/ci/system/Common.php(1190): CodeIgniter\View\View->render()
#2 /home/2023DIFAL3/e22013117/public_html/V1/ci/app/Controllers/Compte.php(328): view()
#3 /home/2023DIFAL3/e22013117/public_html/V1/ci/system/CodeIgniter.php(942): App\Controllers\Compte->afficher_scenario()
#4 /home/2023DIFAL3/e22013117/public_html/V1/ci/system/CodeIgniter.php(502): CodeIgniter\CodeIgniter->runController()
#5 /home/2023DIFAL3/e22013117/public_html/V1/ci/system/CodeIgniter.php(361): CodeIgniter\CodeIgniter->handleRequest()
#6 /home/2023DIFAL3/e22013117/public_html/V1/ci/public/index.php(79): CodeIgniter\CodeIgniter->run()
#7 {main}
in SYSTEMPATH/Log/Handlers/FileHandler.php on line 119.
 1 [internal function]: CodeIgniter\Debug\Exceptions->shutdownHandler()
